<?xml version="1.0" encoding="UTF-8"?>
<testng-results ignored="0" total="1" passed="1" failed="0" skipped="0">
  <reporter-output>
  </reporter-output>
  <suite started-at="2023-04-06T18:57:30 IST" name="Suite" finished-at="2023-04-06T18:57:35 IST" duration-ms="5287">
    <groups>
    </groups>
    <test started-at="2023-04-06T18:57:30 IST" name="Test" finished-at="2023-04-06T18:57:35 IST" duration-ms="5287">
      <class name="Test_class.post_tc1">
        <test-method signature="orchestrator()[pri:0, instance:Test_class.post_tc1@573906eb]" started-at="2023-04-06T18:57:30 IST" name="orchestrator" finished-at="2023-04-06T18:57:35 IST" duration-ms="5102" status="PASS">
          <reporter-output>
          </reporter-output>
        </test-method> <!-- orchestrator -->
      </class> <!-- Test_class.post_tc1 -->
    </test> <!-- Test -->
  </suite> <!-- Suite -->
</testng-results>
